mode: set
creatly-task/internal/config/config.go:24.48,27.16 3 1
creatly-task/internal/config/config.go:30.2,30.16 1 1
creatly-task/internal/config/config.go:27.16,29.3 1 0
creatly-task/internal/config/config.go:42.44,45.16 3 1
creatly-task/internal/config/config.go:48.2,48.16 1 1
creatly-task/internal/config/config.go:45.16,47.3 1 0
creatly-task/internal/config/config.go:55.50,58.16 3 1
creatly-task/internal/config/config.go:61.2,61.16 1 1
creatly-task/internal/config/config.go:58.16,60.3 1 1
creatly-task/internal/config/config.go:72.56,75.16 3 1
creatly-task/internal/config/config.go:78.2,78.16 1 1
creatly-task/internal/config/config.go:75.16,77.3 1 0
creatly-task/internal/config/config.go:87.48,90.16 3 1
creatly-task/internal/config/config.go:93.2,93.16 1 1
creatly-task/internal/config/config.go:90.16,92.3 1 0
creatly-task/internal/config/config.go:101.50,104.16 3 1
creatly-task/internal/config/config.go:107.2,107.16 1 1
creatly-task/internal/config/config.go:104.16,106.3 1 0
creatly-task/internal/config/config.go:119.44,121.16 2 1
creatly-task/internal/config/config.go:125.2,126.16 2 1
creatly-task/internal/config/config.go:130.2,131.16 2 1
creatly-task/internal/config/config.go:134.2,135.16 2 1
creatly-task/internal/config/config.go:139.2,140.16 2 1
creatly-task/internal/config/config.go:144.2,145.16 2 1
creatly-task/internal/config/config.go:149.2,150.16 2 1
creatly-task/internal/config/config.go:154.2,161.8 1 1
creatly-task/internal/config/config.go:121.16,123.3 1 0
creatly-task/internal/config/config.go:126.16,128.3 1 0
creatly-task/internal/config/config.go:131.16,133.3 1 0
creatly-task/internal/config/config.go:135.16,137.3 1 0
creatly-task/internal/config/config.go:140.16,142.3 1 0
creatly-task/internal/config/config.go:145.16,147.3 1 0
creatly-task/internal/config/config.go:150.16,152.3 1 0
creatly-task/internal/services/services.go:28.74,34.2 1 1
creatly-task/internal/services/services.go:36.63,38.2 1 1
creatly-task/internal/services/services.go:40.73,42.16 2 1
creatly-task/internal/services/services.go:46.2,46.46 1 1
creatly-task/internal/services/services.go:51.2,52.16 2 1
creatly-task/internal/services/services.go:56.2,56.19 1 1
creatly-task/internal/services/services.go:42.16,44.3 1 0
creatly-task/internal/services/services.go:46.46,49.3 2 0
creatly-task/internal/services/services.go:52.16,54.3 1 0
creatly-task/internal/services/services.go:59.54,61.16 2 1
creatly-task/internal/services/services.go:64.2,64.19 1 1
creatly-task/internal/services/services.go:61.16,63.3 1 1
creatly-task/internal/services/services.go:67.67,69.16 2 1
creatly-task/internal/services/services.go:73.2,80.16 2 1
creatly-task/internal/services/services.go:84.2,84.12 1 1
creatly-task/internal/services/services.go:69.16,71.3 1 1
creatly-task/internal/services/services.go:80.16,82.3 1 1
creatly-task/internal/services/services.go:87.61,89.16 2 1
creatly-task/internal/services/services.go:92.2,92.20 1 1
creatly-task/internal/services/services.go:89.16,91.3 1 1
